<?xml version="1.0" encoding="utf-8" standalone="no"?>
<test-results xmlns:xsi="http://www.w3.org/2001/XMLSchema-instance" xsi:noNamespaceSchemaLocation="nunit_schema_2.5.xsd" name="Pester" total="4" errors="0" failures="0" not-run="0" inconclusive="0" ignored="0" skipped="0" invalid="0" date="2026-07-27" time="09:30:52">
  <environment machine-name="PCXLAB01" clr-version="10.0.9" platform="Microsoft Windows 11 Pro|C:\WINDOWS|\Device\Harddisk0\Partition3" cwd="C:\Projects\PCXLab.VideoTools" os-version="10.0.26200" user-domain="PCXLAB01" user="Admin" nunit-version="2.5.8.0" />
  <culture-info current-culture="en-IN" current-uiculture="en-US" />
  <test-suite type="TestFixture" name="Pester" executed="True" result="Success" success="True" time="1.9102" asserts="0" description="Pester">
    <results>
      <test-suite type="TestFixture" name="C:\Projects\PCXLab.VideoTools\Tests\Public\Export-PCXPremiereEditPoints.Tests.ps1" executed="True" result="Success" success="True" time="1.9102" asserts="0" description="C:\Projects\PCXLab.VideoTools\Tests\Public\Export-PCXPremiereEditPoints.Tests.ps1">
        <results>
          <test-suite type="TestFixture" name="Export-PCXPremiereEditPoints" executed="True" result="Success" success="True" time="0.3397" asserts="0" description="Export-PCXPremiereEditPoints">
            <results>
              <test-case description="Creates a Premiere edit-point ExtendScript file" name="Export-PCXPremiereEditPoints.Creates a Premiere edit-point ExtendScript file" time="0.1728" asserts="0" success="True" result="Success" executed="True" />
              <test-case description="Creates unique cuts at every silence boundary" name="Export-PCXPremiereEditPoints.Creates unique cuts at every silence boundary" time="0.0387" asserts="0" success="True" result="Success" executed="True" />
              <test-case description="Excludes short pauses by default" name="Export-PCXPremiereEditPoints.Excludes short pauses by default" time="0.0078" asserts="0" success="True" result="Success" executed="True" />
              <test-case description="Can create edit points across all tracks" name="Export-PCXPremiereEditPoints.Can create edit points across all tracks" time="0.0278" asserts="0" success="True" result="Success" executed="True" />
            </results>
          </test-suite>
        </results>
      </test-suite>
    </results>
  </test-suite>
</test-results>